<?xml version="1.0" encoding="UTF-8"?>
<!-- Generated by org.testng.reporters.JUnitXMLReporter -->
<testsuite hostname="Lenovo-PC" failures="0" tests="3" name="Nopackage" time="147.072" errors="0" timestamp="11 Jul 2021 14:06:44 GMT">
  <testcase classname="testscripts.TC_02_Login" name="TC_02_LOGIN" time="45.621"/>
  <testcase classname="testscripts.TC_03_Logout" name="TC_03Logout" time="55.869"/>
  <testcase classname="testscripts.TC_04_Forgot_Reset" name="TC_04Forgot_reset" time="45.563"/>
</testsuite> <!-- Nopackage -->
