<?xml version="1.0" encoding="UTF-8"?>
<testng-results total="3" passed="3" failed="0" skipped="0">
  <reporter-output>
    <line>
      <![CDATA[Application is opened]]>
    </line>
    <line>
      <![CDATA[login is completed]]>
    </line>
    <line>
      <![CDATA[Application is closed]]>
    </line>
    <line>
      <![CDATA[Application is opened]]>
    </line>
    <line>
      <![CDATA[login is completed]]>
    </line>
    <line>
      <![CDATA[Logout is completed]]>
    </line>
    <line>
      <![CDATA[Application is closed]]>
    </line>
    <line>
      <![CDATA[Application is opened]]>
    </line>
  </reporter-output>
  <suite started-at="2021-07-11T14:04:17Z" name="Suite1" finished-at="2021-07-11T14:06:44Z" duration-ms="147072">
    <groups>
    </groups>
    <test started-at="2021-07-11T14:04:17Z" name="Nopackage" finished-at="2021-07-11T14:06:44Z" duration-ms="147072">
      <class name="testscripts.TC_03_Logout">
        <test-method signature="TC_03Logout()[pri:0, instance:testscripts.TC_03_Logout@2d710f1a]" started-at="2021-07-11T19:35:03Z" name="TC_03Logout" finished-at="2021-07-11T19:35:59Z" duration-ms="55869" status="PASS">
          <reporter-output>
            <line>
              <![CDATA[Application is opened]]>
            </line>
            <line>
              <![CDATA[login is completed]]>
            </line>
            <line>
              <![CDATA[Logout is completed]]>
            </line>
            <line>
              <![CDATA[Application is closed]]>
            </line>
          </reporter-output>
        </test-method> <!-- TC_03Logout -->
      </class> <!-- testscripts.TC_03_Logout -->
      <class name="testscripts.TC_02_Login">
        <test-method signature="TC_02_LOGIN()[pri:0, instance:testscripts.TC_02_Login@26e356f0]" started-at="2021-07-11T19:34:17Z" name="TC_02_LOGIN" finished-at="2021-07-11T19:35:03Z" duration-ms="45621" status="PASS">
          <reporter-output>
            <line>
              <![CDATA[Application is opened]]>
            </line>
            <line>
              <![CDATA[login is completed]]>
            </line>
            <line>
              <![CDATA[Application is closed]]>
            </line>
          </reporter-output>
        </test-method> <!-- TC_02_LOGIN -->
      </class> <!-- testscripts.TC_02_Login -->
      <class name="testscripts.TC_04_Forgot_Reset">
        <test-method signature="TC_04Forgot_reset()[pri:0, instance:testscripts.TC_04_Forgot_Reset@29215f06]" started-at="2021-07-11T19:35:59Z" name="TC_04Forgot_reset" finished-at="2021-07-11T19:36:44Z" duration-ms="45563" status="PASS">
          <reporter-output>
            <line>
              <![CDATA[Application is opened]]>
            </line>
          </reporter-output>
        </test-method> <!-- TC_04Forgot_reset -->
      </class> <!-- testscripts.TC_04_Forgot_Reset -->
    </test> <!-- Nopackage -->
  </suite> <!-- Suite1 -->
</testng-results>
